<?xml version="1.0" encoding="UTF-8"?>
<!-- Generated by org.testng.reporters.JUnitReportReporter -->
<testsuite skipped="0" hostname="HomePC" name="basepackage.invokeurl" tests="1" failures="0" timestamp="07 Sep 2019 01:54:27 GMT" time="10.717" errors="0">
  <testcase name="test2" time="10.717" classname="basepackage.invokeurl"/>
</testsuite> <!-- basepackage.invokeurl -->
