<?xml version="1.0" encoding="UTF-8"?>
<!-- Generated by org.testng.reporters.JUnitReportReporter -->
<testsuite skipped="0" hostname="HomePC" name="basepackage.invokeurl" tests="1" failures="0" timestamp="06 Sep 2019 01:00:44 GMT" time="21.025" errors="0">
  <testcase name="test2" time="21.025" classname="basepackage.invokeurl"/>
</testsuite> <!-- basepackage.invokeurl -->
